2016-08-09 20:38:13 Notice: Notice (8): Undefined variable: usuario in [/home/zir/hpoggir/src/Controller/UsuariosController.php, line 36]
Request URL: /usuarios/login
Referer URL: http://localhost:8765/usuarios/login
Client IP: 127.0.0.1
Trace:
Cake\Error\BaseErrorHandler::handleError() - CORE/src/Error/BaseErrorHandler.php, line 146
App\Controller\UsuariosController::login() - APP/Controller/UsuariosController.php, line 36
Cake\Controller\Controller::invokeAction() - CORE/src/Controller/Controller.php, line 435
Cake\Routing\Dispatcher::_invoke() - CORE/src/Routing/Dispatcher.php, line 115
Cake\Routing\Dispatcher::dispatch() - CORE/src/Routing/Dispatcher.php, line 88
[main] - ROOT/webroot/index.php, line 36



2016-08-09 20:39:10 Notice: Notice (8): Undefined variable: usuario in [/home/zir/hpoggir/src/Controller/UsuariosController.php, line 36]
Request URL: /usuarios/login
Referer URL: http://localhost:8765/usuarios/login
Client IP: 127.0.0.1
Trace:
Cake\Error\BaseErrorHandler::handleError() - CORE/src/Error/BaseErrorHandler.php, line 146
App\Controller\UsuariosController::login() - APP/Controller/UsuariosController.php, line 36
Cake\Controller\Controller::invokeAction() - CORE/src/Controller/Controller.php, line 435
Cake\Routing\Dispatcher::_invoke() - CORE/src/Routing/Dispatcher.php, line 115
Cake\Routing\Dispatcher::dispatch() - CORE/src/Routing/Dispatcher.php, line 88
[main] - ROOT/webroot/index.php, line 36



2016-08-09 20:39:27 Notice: Notice (8): Undefined variable: usuario in [/home/zir/hpoggir/src/Controller/UsuariosController.php, line 36]
Request URL: /usuarios/login
Referer URL: http://localhost:8765/usuarios/login
Client IP: 127.0.0.1
Trace:
Cake\Error\BaseErrorHandler::handleError() - CORE/src/Error/BaseErrorHandler.php, line 146
App\Controller\UsuariosController::login() - APP/Controller/UsuariosController.php, line 36
Cake\Controller\Controller::invokeAction() - CORE/src/Controller/Controller.php, line 435
Cake\Routing\Dispatcher::_invoke() - CORE/src/Routing/Dispatcher.php, line 115
Cake\Routing\Dispatcher::dispatch() - CORE/src/Routing/Dispatcher.php, line 88
[main] - ROOT/webroot/index.php, line 36



2016-08-09 20:42:48 Notice: Notice (8): Undefined variable: usuario in [/home/zir/hpoggir/src/Controller/UsuariosController.php, line 36]
Request URL: /usuarios/login
Referer URL: http://localhost:8765/usuarios/login
Client IP: 127.0.0.1
Trace:
Cake\Error\BaseErrorHandler::handleError() - CORE/src/Error/BaseErrorHandler.php, line 146
App\Controller\UsuariosController::login() - APP/Controller/UsuariosController.php, line 36
Cake\Controller\Controller::invokeAction() - CORE/src/Controller/Controller.php, line 435
Cake\Routing\Dispatcher::_invoke() - CORE/src/Routing/Dispatcher.php, line 115
Cake\Routing\Dispatcher::dispatch() - CORE/src/Routing/Dispatcher.php, line 88
[main] - ROOT/webroot/index.php, line 36



2016-08-09 20:42:48 Notice: Notice (8): Undefined variable: usuario in [/home/zir/hpoggir/src/Template/Usuarios/login.ctp, line 5]
Request URL: /usuarios/login
Referer URL: http://localhost:8765/usuarios/login
Client IP: 127.0.0.1
Trace:
Cake\Error\BaseErrorHandler::handleError() - CORE/src/Error/BaseErrorHandler.php, line 146
include - APP/Template/Usuarios/login.ctp, line 5
Cake\View\View::_evaluate() - CORE/src/View/View.php, line 1005
Cake\View\View::_render() - CORE/src/View/View.php, line 964
Cake\View\View::render() - CORE/src/View/View.php, line 588
Cake\Controller\Controller::render() - CORE/src/Controller/Controller.php, line 617
Cake\Routing\Dispatcher::_invoke() - CORE/src/Routing/Dispatcher.php, line 121
Cake\Routing\Dispatcher::dispatch() - CORE/src/Routing/Dispatcher.php, line 88
[main] - ROOT/webroot/index.php, line 36



2016-08-09 20:43:21 Notice: Notice (8): Undefined variable: usuario in [/home/zir/hpoggir/src/Template/Usuarios/login.ctp, line 5]
Request URL: /usuarios/login
Referer URL: http://localhost:8765/usuarios/login
Client IP: 127.0.0.1
Trace:
Cake\Error\BaseErrorHandler::handleError() - CORE/src/Error/BaseErrorHandler.php, line 146
include - APP/Template/Usuarios/login.ctp, line 5
Cake\View\View::_evaluate() - CORE/src/View/View.php, line 1005
Cake\View\View::_render() - CORE/src/View/View.php, line 964
Cake\View\View::render() - CORE/src/View/View.php, line 588
Cake\Controller\Controller::render() - CORE/src/Controller/Controller.php, line 617
Cake\Routing\Dispatcher::_invoke() - CORE/src/Routing/Dispatcher.php, line 121
Cake\Routing\Dispatcher::dispatch() - CORE/src/Routing/Dispatcher.php, line 88
[main] - ROOT/webroot/index.php, line 36



2016-08-09 20:44:57 Notice: Notice (8): Undefined variable: usuario in [/home/zir/hpoggir/src/Template/Usuarios/login.ctp, line 5]
Request URL: /usuarios/login
Referer URL: http://localhost:8765/usuarios/login
Client IP: 127.0.0.1
Trace:
Cake\Error\BaseErrorHandler::handleError() - CORE/src/Error/BaseErrorHandler.php, line 146
include - APP/Template/Usuarios/login.ctp, line 5
Cake\View\View::_evaluate() - CORE/src/View/View.php, line 1005
Cake\View\View::_render() - CORE/src/View/View.php, line 964
Cake\View\View::render() - CORE/src/View/View.php, line 588
Cake\Controller\Controller::render() - CORE/src/Controller/Controller.php, line 617
Cake\Routing\Dispatcher::_invoke() - CORE/src/Routing/Dispatcher.php, line 121
Cake\Routing\Dispatcher::dispatch() - CORE/src/Routing/Dispatcher.php, line 88
[main] - ROOT/webroot/index.php, line 36



2016-08-09 20:45:27 Notice: Notice (8): Undefined variable: usuarios in [/home/zir/hpoggir/src/Template/Usuarios/login.ctp, line 5]
Request URL: /usuarios/login
Referer URL: http://localhost:8765/usuarios/login
Client IP: 127.0.0.1
Trace:
Cake\Error\BaseErrorHandler::handleError() - CORE/src/Error/BaseErrorHandler.php, line 146
include - APP/Template/Usuarios/login.ctp, line 5
Cake\View\View::_evaluate() - CORE/src/View/View.php, line 1005
Cake\View\View::_render() - CORE/src/View/View.php, line 964
Cake\View\View::render() - CORE/src/View/View.php, line 588
Cake\Controller\Controller::render() - CORE/src/Controller/Controller.php, line 617
Cake\Routing\Dispatcher::_invoke() - CORE/src/Routing/Dispatcher.php, line 121
Cake\Routing\Dispatcher::dispatch() - CORE/src/Routing/Dispatcher.php, line 88
[main] - ROOT/webroot/index.php, line 36



2016-08-09 20:45:37 Notice: Notice (8): Undefined variable: user in [/home/zir/hpoggir/src/Template/Usuarios/login.ctp, line 5]
Request URL: /usuarios/login
Referer URL: http://localhost:8765/usuarios/login
Client IP: 127.0.0.1
Trace:
Cake\Error\BaseErrorHandler::handleError() - CORE/src/Error/BaseErrorHandler.php, line 146
include - APP/Template/Usuarios/login.ctp, line 5
Cake\View\View::_evaluate() - CORE/src/View/View.php, line 1005
Cake\View\View::_render() - CORE/src/View/View.php, line 964
Cake\View\View::render() - CORE/src/View/View.php, line 588
Cake\Controller\Controller::render() - CORE/src/Controller/Controller.php, line 617
Cake\Routing\Dispatcher::_invoke() - CORE/src/Routing/Dispatcher.php, line 121
Cake\Routing\Dispatcher::dispatch() - CORE/src/Routing/Dispatcher.php, line 88
[main] - ROOT/webroot/index.php, line 36



2016-08-09 20:55:52 Debug: Got here
2016-08-09 20:55:54 Debug: Got here
2016-08-09 20:55:55 Debug: Got here
2016-08-09 20:55:55 Debug: Got here
2016-08-09 20:55:56 Debug: Got here
2016-08-09 20:55:56 Debug: Got here
2016-08-09 20:55:56 Debug: Got here
2016-08-09 20:55:56 Debug: Got here
2016-08-09 20:55:56 Debug: Got here
2016-08-09 20:55:57 Debug: Got here
2016-08-09 20:55:57 Debug: Got here
2016-08-09 20:55:57 Debug: Got here
2016-08-09 20:55:58 Debug: Got here
2016-08-09 20:55:58 Debug: Got here
2016-08-09 20:55:58 Debug: Got here
2016-08-09 20:56:32 Debug: Got here
2016-08-09 20:56:34 Debug: Got here
2016-08-09 20:56:52 Debug: Got here
2016-08-09 21:18:24 Notice: Notice (8): Undefined variable: session in [/home/zir/hpoggir/src/Controller/UsuariosController.php, line 44]
Request URL: /usuarios/login
Referer URL: http://localhost:8765/usuarios/login
Client IP: 127.0.0.1
Trace:
Cake\Error\BaseErrorHandler::handleError() - CORE/src/Error/BaseErrorHandler.php, line 146
App\Controller\UsuariosController::login() - APP/Controller/UsuariosController.php, line 44
Cake\Controller\Controller::invokeAction() - CORE/src/Controller/Controller.php, line 435
Cake\Routing\Dispatcher::_invoke() - CORE/src/Routing/Dispatcher.php, line 115
Cake\Routing\Dispatcher::dispatch() - CORE/src/Routing/Dispatcher.php, line 88
[main] - ROOT/webroot/index.php, line 36



